<?xml version="1.0" encoding="UTF-8"?>
<!-- Generated by org.testng.reporters.JUnitXMLReporter -->
<testsuite ignored="32" hostname="ATMECSINLT-1482" failures="0" tests="4" name="Default test" time="22.423" errors="0" timestamp="06 Feb 2023 11:00:12 GMT">
  <testcase classname="com.swag.Test.Verify_Problem_User" name="Verify_Standard_User" time="7.72"/>
  <testcase classname="com.swag.Test.Swag_Labs_Suite" name="Verify_Locked_User" time="0.448"/>
  <testcase classname="com.swag.Test.Swag_Labs_Suite" name="Verify_Login_All_Users" time="7.089"/>
  <testcase classname="com.swag.Test.Swag_Labs_Suite" name="Verify_Standard_User" time="5.564"/>
  <testcase classname="Base.Base" name="@AfterTest generateReports" time="0.0">
    <ignored/>
  </testcase> <!-- @AfterTest generateReports -->
  <testcase classname="Base.Base" name="@AfterTest generateReports" time="0.0">
    <ignored/>
  </testcase> <!-- @AfterTest generateReports -->
  <testcase classname="Base.Base" name="@AfterTest generateReports" time="0.0">
    <ignored/>
  </testcase> <!-- @AfterTest generateReports -->
  <testcase classname="Base.Base" name="@AfterTest generateReports" time="0.0">
    <ignored/>
  </testcase> <!-- @AfterTest generateReports -->
  <testcase classname="Base.Base" name="@AfterTest generateReports" time="0.0">
    <ignored/>
  </testcase> <!-- @AfterTest generateReports -->
  <testcase classname="Base.Base" name="@AfterTest generateReports" time="0.0">
    <ignored/>
  </testcase> <!-- @AfterTest generateReports -->
  <testcase classname="Base.Base" name="@AfterTest generateReports" time="0.0">
    <ignored/>
  </testcase> <!-- @AfterTest generateReports -->
  <testcase classname="Base.Base" name="@AfterTest generateReports" time="0.0">
    <ignored/>
  </testcase> <!-- @AfterTest generateReports -->
  <testcase classname="Base.Base" name="@BeforeSuite openBrowser" time="0.0">
    <ignored/>
  </testcase> <!-- @BeforeSuite openBrowser -->
  <testcase classname="Base.Base" name="@BeforeSuite openBrowser" time="0.0">
    <ignored/>
  </testcase> <!-- @BeforeSuite openBrowser -->
  <testcase classname="Base.Base" name="@BeforeSuite openBrowser" time="0.0">
    <ignored/>
  </testcase> <!-- @BeforeSuite openBrowser -->
  <testcase classname="Base.Base" name="@BeforeSuite openBrowser" time="0.0">
    <ignored/>
  </testcase> <!-- @BeforeSuite openBrowser -->
  <testcase classname="Base.Base" name="@BeforeSuite openBrowser" time="0.0">
    <ignored/>
  </testcase> <!-- @BeforeSuite openBrowser -->
  <testcase classname="Base.Base" name="@BeforeSuite openBrowser" time="0.0">
    <ignored/>
  </testcase> <!-- @BeforeSuite openBrowser -->
  <testcase classname="Base.Base" name="@BeforeSuite openBrowser" time="0.0">
    <ignored/>
  </testcase> <!-- @BeforeSuite openBrowser -->
  <testcase classname="Base.Base" name="@BeforeSuite openBrowser" time="0.0">
    <ignored/>
  </testcase> <!-- @BeforeSuite openBrowser -->
  <testcase classname="Base.Base" name="@AfterSuite closeBrowser" time="0.0">
    <ignored/>
  </testcase> <!-- @AfterSuite closeBrowser -->
  <testcase classname="Base.Base" name="@AfterSuite closeBrowser" time="0.0">
    <ignored/>
  </testcase> <!-- @AfterSuite closeBrowser -->
  <testcase classname="Base.Base" name="@AfterSuite closeBrowser" time="0.0">
    <ignored/>
  </testcase> <!-- @AfterSuite closeBrowser -->
  <testcase classname="Base.Base" name="@AfterSuite closeBrowser" time="0.0">
    <ignored/>
  </testcase> <!-- @AfterSuite closeBrowser -->
  <testcase classname="Base.Base" name="@AfterSuite closeBrowser" time="0.0">
    <ignored/>
  </testcase> <!-- @AfterSuite closeBrowser -->
  <testcase classname="Base.Base" name="@AfterSuite closeBrowser" time="0.0">
    <ignored/>
  </testcase> <!-- @AfterSuite closeBrowser -->
  <testcase classname="Base.Base" name="@AfterSuite closeBrowser" time="0.0">
    <ignored/>
  </testcase> <!-- @AfterSuite closeBrowser -->
  <testcase classname="Base.Base" name="@AfterSuite closeBrowser" time="0.0">
    <ignored/>
  </testcase> <!-- @AfterSuite closeBrowser -->
  <testcase classname="Base.Base" name="@BeforeTest initiateReports" time="0.0">
    <ignored/>
  </testcase> <!-- @BeforeTest initiateReports -->
  <testcase classname="Base.Base" name="@BeforeTest initiateReports" time="0.0">
    <ignored/>
  </testcase> <!-- @BeforeTest initiateReports -->
  <testcase classname="Base.Base" name="@BeforeTest initiateReports" time="0.0">
    <ignored/>
  </testcase> <!-- @BeforeTest initiateReports -->
  <testcase classname="Base.Base" name="@BeforeTest initiateReports" time="0.0">
    <ignored/>
  </testcase> <!-- @BeforeTest initiateReports -->
  <testcase classname="Base.Base" name="@BeforeTest initiateReports" time="0.0">
    <ignored/>
  </testcase> <!-- @BeforeTest initiateReports -->
  <testcase classname="Base.Base" name="@BeforeTest initiateReports" time="0.0">
    <ignored/>
  </testcase> <!-- @BeforeTest initiateReports -->
  <testcase classname="Base.Base" name="@BeforeTest initiateReports" time="0.0">
    <ignored/>
  </testcase> <!-- @BeforeTest initiateReports -->
  <testcase classname="Base.Base" name="@BeforeTest initiateReports" time="0.0">
    <ignored/>
  </testcase> <!-- @BeforeTest initiateReports -->
</testsuite> <!-- Default test -->
