<?xml version="1.0" encoding="UTF-8"?>
<!-- Generated by org.testng.reporters.JUnitXMLReporter -->
<testsuite ignored="0" hostname="ATMECSINLT-1482" failures="0" tests="5" name="Default test" time="28.278" errors="0" timestamp="2023-02-09T11:08:41 IST">
  <testcase classname="com.swag.Test.Swag_Labs_Suite" name="TC_01_Verify_Login_All_Users" time="13.069"/>
  <testcase classname="com.swag.Test.Swag_Labs_Suite" name="TC_02_Verify_Standard_User" time="4.618"/>
  <testcase classname="com.swag.Test.Swag_Labs_Suite" name="TC_03_Verify_Locked_User" time="0.377"/>
  <testcase classname="com.swag.Test.Swag_Labs_Suite" name="TC_04_Validate_Problem_User" time="1.78"/>
  <testcase classname="com.swag.Test.Swag_Labs_Suite" name="TC_05_Validate_Performance_Glitch_User" time="6.843"/>
</testsuite> <!-- Default test -->
