<?xml version="1.0" encoding="UTF-8"?>
<!-- Generated by org.testng.reporters.JUnitXMLReporter -->
<testsuite ignored="0" hostname="ATMECSINLT-1482" failures="0" tests="5" name="Test" time="19.169" errors="0" timestamp="2023-02-09T11:04:50 IST">
  <testcase classname="com.swag.Test.Swag_Labs_Suite" name="TC_01_Verify_Login_All_Users" time="5.082"/>
  <testcase classname="com.swag.Test.Swag_Labs_Suite" name="TC_02_Verify_Standard_User" time="4.543"/>
  <testcase classname="com.swag.Test.Swag_Labs_Suite" name="TC_03_Verify_Locked_User" time="0.398"/>
  <testcase classname="com.swag.Test.Swag_Labs_Suite" name="TC_04_Validate_Problem_User" time="0.718"/>
  <testcase classname="com.swag.Test.Swag_Labs_Suite" name="TC_05_Validate_Performance_Glitch_User" time="6.896"/>
</testsuite> <!-- Test -->
