<?xml version="1.0" encoding="UTF-8"?>
<!-- Generated by org.testng.reporters.JUnitXMLReporter -->
<testsuite ignored="4" hostname="ATMECSINLT-1482" failures="0" tests="1" name="Test" time="7.436" errors="0" timestamp="2023-02-07T18:13:57 IST">
  <testcase classname="com.swag.Test.Swag_Labs_Suite" name="TC_02_Verify_Standard_User" time="6.788"/>
  <testcase classname="com.swag.Test.Swag_Labs_Suite" name="TC_04_Validate_Problem_User" time="0.0">
    <ignored/>
  </testcase> <!-- TC_04_Validate_Problem_User -->
  <testcase classname="com.swag.Test.Swag_Labs_Suite" name="TC_01_Verify_Login_All_Users" time="0.0">
    <ignored/>
  </testcase> <!-- TC_01_Verify_Login_All_Users -->
  <testcase classname="com.swag.Test.Swag_Labs_Suite" name="TC_03_Verify_Locked_User" time="0.0">
    <ignored/>
  </testcase> <!-- TC_03_Verify_Locked_User -->
  <testcase classname="com.swag.Test.Swag_Labs_Suite" name="TC_05_Validate_Performance_Glitch_User" time="0.0">
    <ignored/>
  </testcase> <!-- TC_05_Validate_Performance_Glitch_User -->
</testsuite> <!-- Test -->
