<?xml version="1.0" encoding="UTF-8"?>
<testng-results ignored="4" total="5" passed="1" failed="0" skipped="0">
  <reporter-output>
  </reporter-output>
  <suite started-at="2023-02-09T13:06:37 IST" name="Default suite" finished-at="2023-02-09T13:08:49 IST" duration-ms="132417">
    <groups>
    </groups>
    <test started-at="2023-02-09T13:06:37 IST" name="Default test" finished-at="2023-02-09T13:08:49 IST" duration-ms="132417">
      <class name="com.swag.Test.Swag_Labs_Suite">
        <test-method is-config="true" signature="openBrowser(java.lang.String)[pri:0, instance:com.swag.Test.Swag_Labs_Suite@5e0e82ae]" started-at="2023-02-09T13:06:34 IST" name="openBrowser" finished-at="2023-02-09T13:06:37 IST" duration-ms="3481" status="PASS">
          <params>
            <param index="0">
              <value>
                <![CDATA[chrome]]>
              </value>
            </param>
          </params>
          <reporter-output>
          </reporter-output>
        </test-method> <!-- openBrowser -->
        <test-method is-config="true" signature="initiateReports()[pri:0, instance:com.swag.Test.Swag_Labs_Suite@5e0e82ae]" started-at="2023-02-09T13:06:37 IST" name="initiateReports" finished-at="2023-02-09T13:06:37 IST" duration-ms="145" status="PASS">
          <reporter-output>
          </reporter-output>
        </test-method> <!-- initiateReports -->
        <test-method is-config="true" signature="befotrTCExecution(java.lang.reflect.Method)[pri:0, instance:com.swag.Test.Swag_Labs_Suite@5e0e82ae]" started-at="2023-02-09T13:06:37 IST" name="befotrTCExecution" finished-at="2023-02-09T13:06:37 IST" duration-ms="3" status="PASS">
          <params>
            <param index="0">
              <value>
                <![CDATA[public void com.swag.Test.Swag_Labs_Suite.TC_02_Verify_Standard_User()]]>
              </value>
            </param>
          </params>
          <reporter-output>
          </reporter-output>
        </test-method> <!-- befotrTCExecution -->
        <test-method signature="TC_02_Verify_Standard_User()[pri:2, instance:com.swag.Test.Swag_Labs_Suite@5e0e82ae]" started-at="2023-02-09T13:06:37 IST" name="TC_02_Verify_Standard_User" finished-at="2023-02-09T13:08:49 IST" duration-ms="131686" status="PASS">
          <reporter-output>
          </reporter-output>
        </test-method> <!-- TC_02_Verify_Standard_User -->
        <test-method is-config="true" signature="afterTCExecution(org.testng.ITestResult)[pri:0, instance:com.swag.Test.Swag_Labs_Suite@5e0e82ae]" started-at="2023-02-09T13:08:49 IST" name="afterTCExecution" finished-at="2023-02-09T13:08:49 IST" duration-ms="262" status="PASS">
          <params>
            <param index="0">
              <value>
                <![CDATA[[TestResult name=TC_02_Verify_Standard_User status=SUCCESS method=Swag_Labs_Suite.TC_02_Verify_Standard_User()[pri:2, instance:com.swag.Test.Swag_Labs_Suite@5e0e82ae] output={null}]]]>
              </value>
            </param>
          </params>
          <reporter-output>
          </reporter-output>
        </test-method> <!-- afterTCExecution -->
        <test-method is-config="true" signature="generateReports()[pri:0, instance:com.swag.Test.Swag_Labs_Suite@5e0e82ae]" started-at="2023-02-09T13:08:49 IST" name="generateReports" finished-at="2023-02-09T13:08:49 IST" duration-ms="275" status="PASS">
          <reporter-output>
          </reporter-output>
        </test-method> <!-- generateReports -->
        <test-method is-config="true" signature="closeBrowser()[pri:0, instance:com.swag.Test.Swag_Labs_Suite@5e0e82ae]" started-at="2023-02-09T13:08:49 IST" name="closeBrowser" finished-at="2023-02-09T13:09:06 IST" duration-ms="16196" status="PASS">
          <reporter-output>
          </reporter-output>
        </test-method> <!-- closeBrowser -->
      </class> <!-- com.swag.Test.Swag_Labs_Suite -->
    </test> <!-- Default test -->
  </suite> <!-- Default suite -->
</testng-results>
